<?xml version="1.0" encoding="UTF-8"?>
<!-- Generated by org.testng.reporters.JUnitReportReporter -->
<testsuite hostname="kavya" failures="0" tests="1" name="scripts.Testcase2" time="0.015" errors="0" timestamp="2022-08-28T13:58:03 IST" skipped="0">
  <testcase classname="scripts.Testcase2" name="tc1" time="0.015"/>
  <system-out>
    <![CDATA[hi nischal sir]]>
  </system-out>
</testsuite> <!-- scripts.Testcase2 -->
