<?xml version="1.0" encoding="UTF-8"?>
<!-- Generated by org.testng.reporters.JUnitReportReporter -->
<testsuite hostname="kavya" failures="0" tests="1" name="scripts.Testcase1" time="0.002" errors="0" timestamp="2022-08-28T13:58:03 IST" skipped="0">
  <testcase classname="scripts.Testcase1" name="tc1" time="0.002"/>
  <system-out>
    <![CDATA[hi karthik sir]]>
  </system-out>
</testsuite> <!-- scripts.Testcase1 -->
